<?xml version="1.0" encoding="UTF-8"?>
<!-- Generated by org.testng.reporters.JUnitReportReporter -->
<testsuite hostname="amandeep-Inspiron-3542" failures="0" tests="1" name="first.testng.org.MultipleParameters$firsttestngfile" time="0.084" errors="0" timestamp="06 Apr 2019 11:25:51 GMT" skipped="0">
  <testcase classname="first.testng.org.MultipleParameters$firsttestngfile" name="verifyHomepageTitle" time="0.084"/>
</testsuite> <!-- first.testng.org.MultipleParameters$firsttestngfile -->
