<?xml version="1.0" encoding="UTF-8"?>
<!-- Generated by org.testng.reporters.JUnitReportReporter -->
<testsuite hostname="amandeep-Inspiron-3542" failures="0" tests="5" name="second.priority.org.Demo_of_TestNG_code_without_Priority_in_Alphabetical_Order" time="0.060" errors="0" timestamp="06 Apr 2019 12:34:19 GMT" skipped="0">
  <testcase classname="second.priority.org.Demo_of_TestNG_code_without_Priority_in_Alphabetical_Order" name="e_method" time="0.007"/>
  <testcase classname="second.priority.org.Demo_of_TestNG_code_without_Priority_in_Alphabetical_Order" name="b_method" time="0.002"/>
  <testcase classname="second.priority.org.Demo_of_TestNG_code_without_Priority_in_Alphabetical_Order" name="d_method" time="0.003"/>
  <testcase classname="second.priority.org.Demo_of_TestNG_code_without_Priority_in_Alphabetical_Order" name="a_method" time="0.044"/>
  <testcase classname="second.priority.org.Demo_of_TestNG_code_without_Priority_in_Alphabetical_Order" name="c_method" time="0.004"/>
</testsuite> <!-- second.priority.org.Demo_of_TestNG_code_without_Priority_in_Alphabetical_Order -->
