<?xml version="1.0" encoding="UTF-8"?>
<!-- Generated by org.testng.reporters.JUnitReportReporter -->
<testsuite hostname="amandeep-Inspiron-3542" failures="0" tests="1" name="first.testng.org.MultipleParameters_jumbled_annotations" time="0.061" errors="0" timestamp="06 Apr 2019 11:28:57 GMT" skipped="0">
  <testcase classname="first.testng.org.MultipleParameters_jumbled_annotations" name="verifyHomepageTitle" time="0.061"/>
</testsuite> <!-- first.testng.org.MultipleParameters_jumbled_annotations -->
