<?xml version="1.0" encoding="UTF-8"?>
<!-- Generated by org.testng.reporters.JUnitReportReporter -->
<testsuite hostname="amandeep-Inspiron-3542" failures="0" tests="1" name="first.testng.org.NewTest" time="90.013" errors="0" timestamp="06 Apr 2019 10:58:48 GMT" skipped="0">
  <testcase classname="first.testng.org.NewTest" name="verifyHomepageTitle" time="90.013"/>
</testsuite> <!-- first.testng.org.NewTest -->
